0 info it worked if it ends with ok
1 verbose cli [ 'node',
1 verbose cli   '/usr/local/bin/npm',
1 verbose cli   'install',
1 verbose cli   '--save',
1 verbose cli   'coffe-script' ]
2 info using npm@2.0.0-beta.0
3 info using node@v0.10.30
4 verbose node symlink /usr/local/bin/node
5 verbose cache add [ 'coffe-script', null ]
6 verbose cache add spec="coffe-script" args=["coffe-script",null]
7 verbose parsed spec { raw: 'coffe-script',
7 verbose parsed spec   scope: null,
7 verbose parsed spec   name: 'coffe-script',
7 verbose parsed spec   rawSpec: '',
7 verbose parsed spec   spec: '*',
7 verbose parsed spec   type: 'range' }
8 verbose addNamed [ 'coffe-script', '*' ]
9 verbose addNamed [ null, '*' ]
10 silly lockFile e14a017a-coffe-script coffe-script@*
11 verbose lock coffe-script@* /Users/sgribovski/.npm/e14a017a-coffe-script.lock
12 silly addNameRange { name: 'coffe-script', range: '*', hasData: false }
13 verbose mapToRegistry name coffe-script
14 verbose mapToRegistry uri https://registry.npmjs.org/coffe-script
15 verbose request on initialization, where is /coffe-script
16 verbose request after pass 1, where is /coffe-script
17 verbose request url raw /coffe-script
18 verbose request resolving registry [ 'https://registry.npmjs.org/', './coffe-script' ]
19 verbose request after pass 2, where is https://registry.npmjs.org/coffe-script
20 verbose request no auth needed
21 info retrier registry request attempt 1 at 02:28:45
22 verbose request id a96dff6cd8b56c99
23 http request GET https://registry.npmjs.org/coffe-script
24 http 404 https://registry.npmjs.org/coffe-script
25 verbose headers { date: 'Thu, 08 Jan 2015 01:28:51 GMT',
25 verbose headers   server: 'CouchDB/1.5.0 (Erlang OTP/R16B03)',
25 verbose headers   'content-type': 'application/json',
25 verbose headers   'cache-control': 'max-age=0',
25 verbose headers   'content-length': '52',
25 verbose headers   'accept-ranges': 'bytes',
25 verbose headers   via: '1.1 varnish',
25 verbose headers   age: '0',
25 verbose headers   'x-served-by': 'cache-fra1235-FRA',
25 verbose headers   'x-cache': 'MISS',
25 verbose headers   'x-cache-hits': '0',
25 verbose headers   'x-timer': 'S1420680530.816052,VS0,VE729',
25 verbose headers   'keep-alive': 'timeout=10, max=50',
25 verbose headers   connection: 'Keep-Alive' }
26 silly registry.get cb [ 404,
26 silly registry.get   { date: 'Thu, 08 Jan 2015 01:28:51 GMT',
26 silly registry.get     server: 'CouchDB/1.5.0 (Erlang OTP/R16B03)',
26 silly registry.get     'content-type': 'application/json',
26 silly registry.get     'cache-control': 'max-age=0',
26 silly registry.get     'content-length': '52',
26 silly registry.get     'accept-ranges': 'bytes',
26 silly registry.get     via: '1.1 varnish',
26 silly registry.get     age: '0',
26 silly registry.get     'x-served-by': 'cache-fra1235-FRA',
26 silly registry.get     'x-cache': 'MISS',
26 silly registry.get     'x-cache-hits': '0',
26 silly registry.get     'x-timer': 'S1420680530.816052,VS0,VE729',
26 silly registry.get     'keep-alive': 'timeout=10, max=50',
26 silly registry.get     connection: 'Keep-Alive' } ]
27 silly lockFile e14a017a-coffe-script coffe-script@*
28 silly lockFile e14a017a-coffe-script coffe-script@*
29 error 404 404 Not Found: coffe-script
29 error 404
29 error 404 'coffe-script' is not in the npm registry.
29 error 404 You should bug the author to publish it
29 error 404
29 error 404 Note that you can also install from a
29 error 404 tarball, folder, or http url, or git url.
30 error System Darwin 13.3.0
31 error command "node" "/usr/local/bin/npm" "install" "--save" "coffe-script"
32 error cwd /Users/sgribovski/projects/constructor-test
33 error node -v v0.10.30
34 error npm -v 2.0.0-beta.0
35 error code E404
36 verbose exit [ 1, true ]
